TN:
SF:src\components\ui\AnimatedText.tsx
FN:11,AnimatedText
FN:47,(anonymous_1)
FNF:2
FNH:2
FNDA:6,AnimatedText
FNDA:19,(anonymous_1)
DA:17,6
DA:19,6
DA:29,6
DA:39,6
DA:48,19
LF:5
LH:5
BRDA:13,0,0,6
BRDA:14,1,0,6
BRDA:15,2,0,6
BRDA:53,3,0,1
BRDA:53,3,1,18
BRDA:56,4,0,1
BRDA:56,4,1,18
BRF:7
BRH:7
end_of_record
TN:
SF:src\components\ui\BookingCTA.tsx
FN:16,BookingCTA
FN:22,(anonymous_1)
FN:26,(anonymous_2)
FN:56,(anonymous_3)
FNF:4
FNH:4
FNDA:8,BookingCTA
FNDA:4,(anonymous_1)
FNDA:1,(anonymous_2)
FNDA:14,(anonymous_3)
DA:4,1
DA:17,8
DA:18,8
DA:20,8
DA:22,7
DA:23,4
DA:24,2
DA:26,2
DA:27,1
DA:30,2
DA:34,7
DA:57,14
LF:12
LH:12
BRDA:20,0,0,1
BRDA:20,0,1,7
BRDA:23,1,0,2
BRDA:23,1,1,2
BRF:4
BRH:4
end_of_record
TN:
SF:src\components\ui\ScrollProgressBar.tsx
FN:8,ScrollProgressBar
FNF:1
FNH:1
FNDA:5,ScrollProgressBar
DA:9,5
DA:10,5
DA:16,5
LF:3
LH:3
BRF:0
BRH:0
end_of_record
TN:
SF:src\components\ui\SectionWrapper.tsx
FN:12,SectionWrapper
FNF:1
FNH:1
FNDA:8,SectionWrapper
DA:18,8
DA:20,8
LF:2
LH:2
BRDA:14,0,0,8
BRDA:15,1,0,8
BRDA:26,2,0,7
BRDA:26,2,1,1
BRF:4
BRH:4
end_of_record
TN:
SF:src\hooks\useIsMobile.ts
FN:4,useIsMobile
FN:10,(anonymous_1)
FN:12,(anonymous_2)
FN:14,(anonymous_3)
FNF:4
FNH:4
FNDA:8,useIsMobile
FNDA:6,(anonymous_1)
FNDA:2,(anonymous_2)
FNDA:6,(anonymous_3)
DA:5,8
DA:10,8
DA:11,6
DA:12,6
DA:13,6
DA:14,6
DA:17,8
LF:7
LH:7
BRF:0
BRH:0
end_of_record
TN:
SF:src\utils\easing.ts
FNF:0
FNH:0
DA:5,2
LF:1
LH:1
BRF:0
BRH:0
end_of_record
TN:
SF:src\utils\random.ts
FN:2,randomItem
FN:8,randomIndex
FN:16,shuffled
FN:29,randomSample
FNF:4
FNH:4
FNDA:354,randomItem
FNDA:602,randomIndex
FNDA:83,shuffled
FNDA:57,randomSample
DA:3,354
DA:4,353
DA:9,602
DA:17,83
DA:18,83
DA:19,412
DA:20,412
DA:22,83
DA:30,57
LF:9
LH:9
BRDA:3,0,0,1
BRDA:3,0,1,353
BRDA:9,1,0,600
BRDA:9,1,1,2
BRF:4
BRH:4
end_of_record
